<?xml version="1.0" encoding="UTF-8"?>
<!-- Generated by org.testng.reporters.JUnitXMLReporter -->
<testsuite ignored="0" hostname="ABHI" failures="0" tests="5" name="Exception Tests" time="32.805" errors="0" timestamp="2025-08-21T21:59:36 IST">
  <testcase classname="com.sa.tests.exceptions.ExceptionTests" name="elementNotInteractableException" time="7.855"/>
  <testcase classname="com.sa.tests.exceptions.ExceptionTests" name="invalidElementStateExceptionTest" time="3.233"/>
  <testcase classname="com.sa.tests.exceptions.ExceptionTests" name="noSuchElementExceptionTest" time="7.993"/>
  <testcase classname="com.sa.tests.exceptions.ExceptionTests" name="staleElementReferenceExceptionTest" time="2.476"/>
  <testcase classname="com.sa.tests.exceptions.ExceptionTests" name="timeoutExceptionTest" time="7.487"/>
</testsuite> <!-- Exception Tests -->
