<?xml version="1.0" encoding="UTF-8"?>
<!-- Generated by org.testng.reporters.JUnitXMLReporter -->
<testsuite ignored="0" hostname="ABHI" failures="0" tests="5" name="Exception Tests" time="33.348" errors="0" timestamp="2025-08-21T21:53:54 IST">
  <testcase classname="com.sa.tests.exceptions.ExceptionTests" name="elementNotInteractableException" time="7.8"/>
  <testcase classname="com.sa.tests.exceptions.ExceptionTests" name="invalidElementStateExceptionTest" time="2.696"/>
  <testcase classname="com.sa.tests.exceptions.ExceptionTests" name="noSuchElementExceptionTest" time="7.533"/>
  <testcase classname="com.sa.tests.exceptions.ExceptionTests" name="staleElementReferenceExceptionTest" time="2.525"/>
  <testcase classname="com.sa.tests.exceptions.ExceptionTests" name="timeoutExceptionTest" time="7.52"/>
</testsuite> <!-- Exception Tests -->
