<?xml version="1.0" encoding="UTF-8"?>
<!-- Generated by org.testng.reporters.JUnitXMLReporter -->
<testsuite ignored="1" hostname="ABHI" failures="0" tests="1" name="Incorrect Password Test" time="3.453" errors="0" timestamp="2025-08-21T21:53:21 IST">
  <testcase classname="com.sa.tests.login.LoginTests" name="negativeLoginTest" time="2.361"/>
  <testcase classname="com.sa.tests.login.LoginTests" name="testLoginFunctionality" time="0.0">
    <ignored/>
  </testcase> <!-- testLoginFunctionality -->
</testsuite> <!-- Incorrect Password Test -->
