<?xml version="1.0" encoding="UTF-8"?>
<!-- Generated by org.testng.reporters.JUnitXMLReporter -->
<testsuite ignored="1" hostname="ABHI" failures="0" tests="1" name="Positive Login Tests" time="27.386" errors="0" timestamp="2025-08-21T21:53:09 IST">
  <testcase classname="com.sa.tests.login.LoginTests" name="testLoginFunctionality" time="3.96"/>
  <testcase classname="com.sa.tests.login.LoginTests" name="negativeLoginTest" time="0.0">
    <ignored/>
  </testcase> <!-- negativeLoginTest -->
</testsuite> <!-- Positive Login Tests -->
