<?xml version="1.0" encoding="UTF-8"?>
<testng-results ignored="0" total="9" passed="9" failed="0" skipped="0">
  <reporter-output>
  </reporter-output>
  <suite started-at="2025-08-21T21:52:42 IST" name="Full Regression Suite" finished-at="2025-08-21T21:53:54 IST" duration-ms="72528">
    <groups>
      <group name="negative">
        <method signature="LoginTests.negativeLoginTest(java.lang.String,java.lang.String,java.lang.String)[pri:0, instance:com.sa.tests.login.LoginTests@79079097]" name="negativeLoginTest" class="com.sa.tests.login.LoginTests"/>
        <method signature="LoginTests.negativeLoginTest(java.lang.String,java.lang.String,java.lang.String)[pri:0, instance:com.sa.tests.login.LoginTests@bcec361]" name="negativeLoginTest" class="com.sa.tests.login.LoginTests"/>
      </group> <!-- negative -->
      <group name="regression">
        <method signature="LoginTests.testLoginFunctionality()[pri:0, instance:com.sa.tests.login.LoginTests@313ac989]" name="testLoginFunctionality" class="com.sa.tests.login.LoginTests"/>
        <method signature="LoginTests.testLoginFunctionality()[pri:0, instance:com.sa.tests.login.LoginTests@3c9754d8]" name="testLoginFunctionality" class="com.sa.tests.login.LoginTests"/>
        <method signature="LoginTests.negativeLoginTest(java.lang.String,java.lang.String,java.lang.String)[pri:0, instance:com.sa.tests.login.LoginTests@79079097]" name="negativeLoginTest" class="com.sa.tests.login.LoginTests"/>
        <method signature="LoginTests.negativeLoginTest(java.lang.String,java.lang.String,java.lang.String)[pri:0, instance:com.sa.tests.login.LoginTests@bcec361]" name="negativeLoginTest" class="com.sa.tests.login.LoginTests"/>
      </group> <!-- regression -->
      <group name="smoke">
        <method signature="LoginTests.testLoginFunctionality()[pri:0, instance:com.sa.tests.login.LoginTests@313ac989]" name="testLoginFunctionality" class="com.sa.tests.login.LoginTests"/>
        <method signature="LoginTests.testLoginFunctionality()[pri:0, instance:com.sa.tests.login.LoginTests@3c9754d8]" name="testLoginFunctionality" class="com.sa.tests.login.LoginTests"/>
      </group> <!-- smoke -->
      <group name="positive">
        <method signature="LoginTests.testLoginFunctionality()[pri:0, instance:com.sa.tests.login.LoginTests@313ac989]" name="testLoginFunctionality" class="com.sa.tests.login.LoginTests"/>
        <method signature="LoginTests.testLoginFunctionality()[pri:0, instance:com.sa.tests.login.LoginTests@3c9754d8]" name="testLoginFunctionality" class="com.sa.tests.login.LoginTests"/>
      </group> <!-- positive -->
    </groups>
    <test started-at="2025-08-21T21:52:42 IST" name="Positive Login Tests" finished-at="2025-08-21T21:53:09 IST" duration-ms="27386">
      <class name="com.sa.tests.login.LoginTests">
        <test-method is-config="true" signature="setup(java.lang.String)[pri:0, instance:com.sa.tests.login.LoginTests@313ac989]" started-at="2025-08-21T21:52:42 IST" name="setup" finished-at="2025-08-21T21:53:05 IST" duration-ms="22786" status="PASS">
          <params>
            <param index="0">
              <value>
                <![CDATA[firefox]]>
              </value>
            </param>
          </params>
          <reporter-output>
          </reporter-output>
        </test-method> <!-- setup -->
        <test-method signature="testLoginFunctionality()[pri:0, instance:com.sa.tests.login.LoginTests@313ac989]" started-at="2025-08-21T21:53:05 IST" name="testLoginFunctionality" finished-at="2025-08-21T21:53:09 IST" duration-ms="3960" status="PASS">
          <reporter-output>
          </reporter-output>
        </test-method> <!-- testLoginFunctionality -->
        <test-method is-config="true" signature="tearDown()[pri:0, instance:com.sa.tests.login.LoginTests@313ac989]" started-at="2025-08-21T21:53:09 IST" name="tearDown" finished-at="2025-08-21T21:53:09 IST" duration-ms="611" status="PASS">
          <reporter-output>
          </reporter-output>
        </test-method> <!-- tearDown -->
      </class> <!-- com.sa.tests.login.LoginTests -->
    </test> <!-- Positive Login Tests -->
    <test started-at="2025-08-21T21:53:09 IST" name="Positive Login Tests chrome" finished-at="2025-08-21T21:53:14 IST" duration-ms="4586">
      <class name="com.sa.tests.login.LoginTests">
        <test-method is-config="true" signature="setup(java.lang.String)[pri:0, instance:com.sa.tests.login.LoginTests@3c9754d8]" started-at="2025-08-21T21:53:09 IST" name="setup" finished-at="2025-08-21T21:53:10 IST" duration-ms="942" status="PASS">
          <params>
            <param index="0">
              <value>
                <![CDATA[chrome]]>
              </value>
            </param>
          </params>
          <reporter-output>
          </reporter-output>
        </test-method> <!-- setup -->
        <test-method signature="testLoginFunctionality()[pri:0, instance:com.sa.tests.login.LoginTests@3c9754d8]" started-at="2025-08-21T21:53:10 IST" name="testLoginFunctionality" finished-at="2025-08-21T21:53:14 IST" duration-ms="3511" status="PASS">
          <reporter-output>
          </reporter-output>
        </test-method> <!-- testLoginFunctionality -->
        <test-method is-config="true" signature="tearDown()[pri:0, instance:com.sa.tests.login.LoginTests@3c9754d8]" started-at="2025-08-21T21:53:14 IST" name="tearDown" finished-at="2025-08-21T21:53:14 IST" duration-ms="131" status="PASS">
          <reporter-output>
          </reporter-output>
        </test-method> <!-- tearDown -->
      </class> <!-- com.sa.tests.login.LoginTests -->
    </test> <!-- Positive Login Tests chrome -->
    <test started-at="2025-08-21T21:53:14 IST" name="Incorrect Username Test" finished-at="2025-08-21T21:53:18 IST" duration-ms="3717">
      <class name="com.sa.tests.login.LoginTests">
        <test-method is-config="true" signature="setup(java.lang.String)[pri:0, instance:com.sa.tests.login.LoginTests@79079097]" started-at="2025-08-21T21:53:14 IST" name="setup" finished-at="2025-08-21T21:53:15 IST" duration-ms="932" status="PASS">
          <params>
            <param index="0">
              <value>
                <![CDATA[chrome]]>
              </value>
            </param>
          </params>
          <reporter-output>
          </reporter-output>
        </test-method> <!-- setup -->
        <test-method signature="negativeLoginTest(java.lang.String,java.lang.String,java.lang.String)[pri:0, instance:com.sa.tests.login.LoginTests@79079097]" started-at="2025-08-21T21:53:15 IST" name="negativeLoginTest" finished-at="2025-08-21T21:53:17 IST" duration-ms="2639" status="PASS">
          <params>
            <param index="0">
              <value>
                <![CDATA[incorrectUser]]>
              </value>
            </param>
            <param index="1">
              <value>
                <![CDATA[Password123]]>
              </value>
            </param>
            <param index="2">
              <value>
                <![CDATA[Your username is invalid!]]>
              </value>
            </param>
          </params>
          <reporter-output>
          </reporter-output>
        </test-method> <!-- negativeLoginTest -->
        <test-method is-config="true" signature="tearDown()[pri:0, instance:com.sa.tests.login.LoginTests@79079097]" started-at="2025-08-21T21:53:17 IST" name="tearDown" finished-at="2025-08-21T21:53:18 IST" duration-ms="144" status="PASS">
          <reporter-output>
          </reporter-output>
        </test-method> <!-- tearDown -->
      </class> <!-- com.sa.tests.login.LoginTests -->
    </test> <!-- Incorrect Username Test -->
    <test started-at="2025-08-21T21:53:18 IST" name="Incorrect Password Test" finished-at="2025-08-21T21:53:21 IST" duration-ms="3453">
      <class name="com.sa.tests.login.LoginTests">
        <test-method is-config="true" signature="setup(java.lang.String)[pri:0, instance:com.sa.tests.login.LoginTests@bcec361]" started-at="2025-08-21T21:53:18 IST" name="setup" finished-at="2025-08-21T21:53:18 IST" duration-ms="972" status="PASS">
          <params>
            <param index="0">
              <value>
                <![CDATA[safari]]>
              </value>
            </param>
          </params>
          <reporter-output>
          </reporter-output>
        </test-method> <!-- setup -->
        <test-method signature="negativeLoginTest(java.lang.String,java.lang.String,java.lang.String)[pri:0, instance:com.sa.tests.login.LoginTests@bcec361]" started-at="2025-08-21T21:53:18 IST" name="negativeLoginTest" finished-at="2025-08-21T21:53:21 IST" duration-ms="2361" status="PASS">
          <params>
            <param index="0">
              <value>
                <![CDATA[student]]>
              </value>
            </param>
            <param index="1">
              <value>
                <![CDATA[incorrectPassword]]>
              </value>
            </param>
            <param index="2">
              <value>
                <![CDATA[Your password is invalid!]]>
              </value>
            </param>
          </params>
          <reporter-output>
          </reporter-output>
        </test-method> <!-- negativeLoginTest -->
        <test-method is-config="true" signature="tearDown()[pri:0, instance:com.sa.tests.login.LoginTests@bcec361]" started-at="2025-08-21T21:53:21 IST" name="tearDown" finished-at="2025-08-21T21:53:21 IST" duration-ms="118" status="PASS">
          <reporter-output>
          </reporter-output>
        </test-method> <!-- tearDown -->
      </class> <!-- com.sa.tests.login.LoginTests -->
    </test> <!-- Incorrect Password Test -->
    <test started-at="2025-08-21T21:53:21 IST" name="Exception Tests" finished-at="2025-08-21T21:53:54 IST" duration-ms="33348">
      <class name="com.sa.tests.exceptions.ExceptionTests">
        <test-method is-config="true" signature="setup(java.lang.String)[pri:0, instance:com.sa.tests.exceptions.ExceptionTests@55fe41ea]" started-at="2025-08-21T21:53:21 IST" name="setup" finished-at="2025-08-21T21:53:22 IST" duration-ms="913" status="PASS">
          <params>
            <param index="0">
              <value>
                <![CDATA[chrome]]>
              </value>
            </param>
          </params>
          <reporter-output>
          </reporter-output>
        </test-method> <!-- setup -->
        <test-method signature="elementNotInteractableException()[pri:0, instance:com.sa.tests.exceptions.ExceptionTests@55fe41ea]" started-at="2025-08-21T21:53:22 IST" name="elementNotInteractableException" finished-at="2025-08-21T21:53:30 IST" duration-ms="7800" status="PASS">
          <reporter-output>
          </reporter-output>
        </test-method> <!-- elementNotInteractableException -->
        <test-method is-config="true" signature="tearDown()[pri:0, instance:com.sa.tests.exceptions.ExceptionTests@55fe41ea]" started-at="2025-08-21T21:53:30 IST" name="tearDown" finished-at="2025-08-21T21:53:30 IST" duration-ms="115" status="PASS">
          <reporter-output>
          </reporter-output>
        </test-method> <!-- tearDown -->
        <test-method is-config="true" signature="setup(java.lang.String)[pri:0, instance:com.sa.tests.exceptions.ExceptionTests@55fe41ea]" started-at="2025-08-21T21:53:30 IST" name="setup" finished-at="2025-08-21T21:53:31 IST" duration-ms="935" status="PASS">
          <params>
            <param index="0">
              <value>
                <![CDATA[chrome]]>
              </value>
            </param>
          </params>
          <reporter-output>
          </reporter-output>
        </test-method> <!-- setup -->
        <test-method signature="invalidElementStateExceptionTest()[pri:0, instance:com.sa.tests.exceptions.ExceptionTests@55fe41ea]" started-at="2025-08-21T21:53:31 IST" name="invalidElementStateExceptionTest" finished-at="2025-08-21T21:53:33 IST" duration-ms="2696" status="PASS">
          <reporter-output>
          </reporter-output>
        </test-method> <!-- invalidElementStateExceptionTest -->
        <test-method is-config="true" signature="tearDown()[pri:0, instance:com.sa.tests.exceptions.ExceptionTests@55fe41ea]" started-at="2025-08-21T21:53:33 IST" name="tearDown" finished-at="2025-08-21T21:53:34 IST" duration-ms="124" status="PASS">
          <reporter-output>
          </reporter-output>
        </test-method> <!-- tearDown -->
        <test-method is-config="true" signature="setup(java.lang.String)[pri:0, instance:com.sa.tests.exceptions.ExceptionTests@55fe41ea]" started-at="2025-08-21T21:53:34 IST" name="setup" finished-at="2025-08-21T21:53:34 IST" duration-ms="902" status="PASS">
          <params>
            <param index="0">
              <value>
                <![CDATA[chrome]]>
              </value>
            </param>
          </params>
          <reporter-output>
          </reporter-output>
        </test-method> <!-- setup -->
        <test-method signature="noSuchElementExceptionTest()[pri:0, instance:com.sa.tests.exceptions.ExceptionTests@55fe41ea]" started-at="2025-08-21T21:53:34 IST" name="noSuchElementExceptionTest" finished-at="2025-08-21T21:53:42 IST" duration-ms="7533" status="PASS">
          <reporter-output>
          </reporter-output>
        </test-method> <!-- noSuchElementExceptionTest -->
        <test-method is-config="true" signature="tearDown()[pri:0, instance:com.sa.tests.exceptions.ExceptionTests@55fe41ea]" started-at="2025-08-21T21:53:42 IST" name="tearDown" finished-at="2025-08-21T21:53:42 IST" duration-ms="138" status="PASS">
          <reporter-output>
          </reporter-output>
        </test-method> <!-- tearDown -->
        <test-method is-config="true" signature="setup(java.lang.String)[pri:0, instance:com.sa.tests.exceptions.ExceptionTests@55fe41ea]" started-at="2025-08-21T21:53:42 IST" name="setup" finished-at="2025-08-21T21:53:43 IST" duration-ms="934" status="PASS">
          <params>
            <param index="0">
              <value>
                <![CDATA[chrome]]>
              </value>
            </param>
          </params>
          <reporter-output>
          </reporter-output>
        </test-method> <!-- setup -->
        <test-method signature="staleElementReferenceExceptionTest()[pri:0, instance:com.sa.tests.exceptions.ExceptionTests@55fe41ea]" started-at="2025-08-21T21:53:43 IST" name="staleElementReferenceExceptionTest" finished-at="2025-08-21T21:53:46 IST" duration-ms="2525" status="PASS">
          <reporter-output>
          </reporter-output>
        </test-method> <!-- staleElementReferenceExceptionTest -->
        <test-method is-config="true" signature="tearDown()[pri:0, instance:com.sa.tests.exceptions.ExceptionTests@55fe41ea]" started-at="2025-08-21T21:53:46 IST" name="tearDown" finished-at="2025-08-21T21:53:46 IST" duration-ms="130" status="PASS">
          <reporter-output>
          </reporter-output>
        </test-method> <!-- tearDown -->
        <test-method is-config="true" signature="setup(java.lang.String)[pri:0, instance:com.sa.tests.exceptions.ExceptionTests@55fe41ea]" started-at="2025-08-21T21:53:46 IST" name="setup" finished-at="2025-08-21T21:53:47 IST" duration-ms="947" status="PASS">
          <params>
            <param index="0">
              <value>
                <![CDATA[chrome]]>
              </value>
            </param>
          </params>
          <reporter-output>
          </reporter-output>
        </test-method> <!-- setup -->
        <test-method signature="timeoutExceptionTest()[pri:0, instance:com.sa.tests.exceptions.ExceptionTests@55fe41ea]" started-at="2025-08-21T21:53:47 IST" name="timeoutExceptionTest" finished-at="2025-08-21T21:53:54 IST" duration-ms="7520" status="PASS">
          <reporter-output>
          </reporter-output>
        </test-method> <!-- timeoutExceptionTest -->
        <test-method is-config="true" signature="tearDown()[pri:0, instance:com.sa.tests.exceptions.ExceptionTests@55fe41ea]" started-at="2025-08-21T21:53:54 IST" name="tearDown" finished-at="2025-08-21T21:53:54 IST" duration-ms="127" status="PASS">
          <reporter-output>
          </reporter-output>
        </test-method> <!-- tearDown -->
      </class> <!-- com.sa.tests.exceptions.ExceptionTests -->
    </test> <!-- Exception Tests -->
  </suite> <!-- Full Regression Suite -->
</testng-results>
